class,keyword
Main,identifier
{,symbol
function,keyword
void,keyword
main,identifier
(,symbol
),symbol
{,symbol
var,keyword
int,keyword
x,identifier
;,symbol
let,keyword
x,identifier
=,symbol
2,integerConstant
+,symbol
3,integerConstant
;,symbol
do,keyword
Output,identifier
.,symbol
printString,identifier
(,symbol
"2 + 3 = ",stringConstant
),symbol
;,symbol
do,keyword
Output,identifier
.,symbol
printInt,identifier
(,symbol
x,identifier
),symbol
;,symbol
return,keyword
;,symbol
},symbol
},symbol
